<?xml version="1.0" encoding="UTF-8"?>
<testsuite name="com.martianbank.loan.model.AccountDocumentTest" tests="2" skipped="0" failures="0" errors="0" timestamp="2026-01-14T20:06:15.780Z" hostname="hector.brito" time="0.001">
  <properties/>
  <testcase name="defaultBalanceIsZero()" classname="com.martianbank.loan.model.AccountDocumentTest" time="0.001"/>
  <testcase name="gettersAndSettersWorkCorrectly()" classname="com.martianbank.loan.model.AccountDocumentTest" time="0.0"/>
  <system-out><![CDATA[]]></system-out>
  <system-err><![CDATA[]]></system-err>
</testsuite>
