<?xml version="1.0" encoding="UTF-8"?>
<testsuite name="com.martianbank.loan.model.LoanHistoryRequestDtoTest" tests="3" skipped="0" failures="0" errors="0" timestamp="2026-01-14T20:06:16.040Z" hostname="hector.brito" time="0.026">
  <properties/>
  <testcase name="getterAndSetterWork()" classname="com.martianbank.loan.model.LoanHistoryRequestDtoTest" time="0.001"/>
  <testcase name="deserializesFromJson()" classname="com.martianbank.loan.model.LoanHistoryRequestDtoTest" time="0.023"/>
  <testcase name="serializesToJson()" classname="com.martianbank.loan.model.LoanHistoryRequestDtoTest" time="0.001"/>
  <system-out><![CDATA[]]></system-out>
  <system-err><![CDATA[]]></system-err>
</testsuite>
